<?xml version="1.0" encoding="UTF-8"?>
<testsuite xmlns:xsi="http://www.w3.org/2001/XMLSchema-instance" xsi:noNamespaceSchemaLocation="https://maven.apache.org/surefire/maven-surefire-plugin/xsd/surefire-test-report.xsd" name="com.syc.sycsf.SycsfApplicationTests" time="15.041" tests="1" errors="0" skipped="0" failures="0">
  <properties>
    <property name="sun.desktop" value="windows"/>
    <property name="awt.toolkit" value="sun.awt.windows.WToolkit"/>
    <property name="file.encoding.pkg" value="sun.io"/>
    <property name="java.specification.version" value="1.8"/>
    <property name="sun.cpu.isalist" value="amd64"/>
    <property name="sun.jnu.encoding" value="GBK"/>
    <property name="java.class.path" value="D:\sycsf\target\test-classes;D:\sycsf\target\classes;D:\maverepo\org\springframework\boot\spring-boot-starter-web\2.3.3.RELEASE\spring-boot-starter-web-2.3.3.RELEASE.jar;D:\maverepo\org\springframework\boot\spring-boot-starter\2.3.3.RELEASE\spring-boot-starter-2.3.3.RELEASE.jar;D:\maverepo\org\springframework\boot\spring-boot\2.3.3.RELEASE\spring-boot-2.3.3.RELEASE.jar;D:\maverepo\org\springframework\boot\spring-boot-autoconfigure\2.3.3.RELEASE\spring-boot-autoconfigure-2.3.3.RELEASE.jar;D:\maverepo\org\springframework\boot\spring-boot-starter-logging\2.3.3.RELEASE\spring-boot-starter-logging-2.3.3.RELEASE.jar;D:\maverepo\ch\qos\logback\logback-classic\1.2.3\logback-classic-1.2.3.jar;D:\maverepo\ch\qos\logback\logback-core\1.2.3\logback-core-1.2.3.jar;D:\maverepo\org\apache\logging\log4j\log4j-to-slf4j\2.13.3\log4j-to-slf4j-2.13.3.jar;D:\maverepo\org\apache\logging\log4j\log4j-api\2.13.3\log4j-api-2.13.3.jar;D:\maverepo\org\slf4j\jul-to-slf4j\1.7.30\jul-to-slf4j-1.7.30.jar;D:\maverepo\jakarta\annotation\jakarta.annotation-api\1.3.5\jakarta.annotation-api-1.3.5.jar;D:\maverepo\org\yaml\snakeyaml\1.26\snakeyaml-1.26.jar;D:\maverepo\org\springframework\boot\spring-boot-starter-json\2.3.3.RELEASE\spring-boot-starter-json-2.3.3.RELEASE.jar;D:\maverepo\com\fasterxml\jackson\core\jackson-databind\2.11.2\jackson-databind-2.11.2.jar;D:\maverepo\com\fasterxml\jackson\core\jackson-annotations\2.11.2\jackson-annotations-2.11.2.jar;D:\maverepo\com\fasterxml\jackson\datatype\jackson-datatype-jdk8\2.11.2\jackson-datatype-jdk8-2.11.2.jar;D:\maverepo\com\fasterxml\jackson\datatype\jackson-datatype-jsr310\2.11.2\jackson-datatype-jsr310-2.11.2.jar;D:\maverepo\com\fasterxml\jackson\module\jackson-module-parameter-names\2.11.2\jackson-module-parameter-names-2.11.2.jar;D:\maverepo\org\springframework\boot\spring-boot-starter-tomcat\2.3.3.RELEASE\spring-boot-starter-tomcat-2.3.3.RELEASE.jar;D:\maverepo\org\apache\tomcat\embed\tomcat-embed-core\9.0.37\tomcat-embed-core-9.0.37.jar;D:\maverepo\org\glassfish\jakarta.el\3.0.3\jakarta.el-3.0.3.jar;D:\maverepo\org\apache\tomcat\embed\tomcat-embed-websocket\9.0.37\tomcat-embed-websocket-9.0.37.jar;D:\maverepo\org\springframework\spring-web\5.2.8.RELEASE\spring-web-5.2.8.RELEASE.jar;D:\maverepo\org\springframework\spring-beans\5.2.8.RELEASE\spring-beans-5.2.8.RELEASE.jar;D:\maverepo\org\springframework\spring-webmvc\5.2.8.RELEASE\spring-webmvc-5.2.8.RELEASE.jar;D:\maverepo\org\springframework\spring-aop\5.2.8.RELEASE\spring-aop-5.2.8.RELEASE.jar;D:\maverepo\org\springframework\spring-context\5.2.8.RELEASE\spring-context-5.2.8.RELEASE.jar;D:\maverepo\org\springframework\spring-expression\5.2.8.RELEASE\spring-expression-5.2.8.RELEASE.jar;D:\maverepo\org\seleniumhq\selenium\selenium-java\3.4.0\selenium-java-3.4.0.jar;D:\maverepo\org\seleniumhq\selenium\selenium-api\3.141.59\selenium-api-3.141.59.jar;D:\maverepo\org\seleniumhq\selenium\selenium-chrome-driver\3.141.59\selenium-chrome-driver-3.141.59.jar;D:\maverepo\net\bytebuddy\byte-buddy\1.10.14\byte-buddy-1.10.14.jar;D:\maverepo\com\squareup\okhttp3\okhttp\3.14.9\okhttp-3.14.9.jar;D:\maverepo\com\squareup\okio\okio\1.14.0\okio-1.14.0.jar;D:\maverepo\org\seleniumhq\selenium\selenium-edge-driver\3.141.59\selenium-edge-driver-3.141.59.jar;D:\maverepo\org\seleniumhq\selenium\selenium-firefox-driver\3.141.59\selenium-firefox-driver-3.141.59.jar;D:\maverepo\org\seleniumhq\selenium\selenium-ie-driver\3.141.59\selenium-ie-driver-3.141.59.jar;D:\maverepo\org\seleniumhq\selenium\selenium-opera-driver\3.141.59\selenium-opera-driver-3.141.59.jar;D:\maverepo\org\seleniumhq\selenium\selenium-remote-driver\3.141.59\selenium-remote-driver-3.141.59.jar;D:\maverepo\org\seleniumhq\selenium\selenium-safari-driver\3.141.59\selenium-safari-driver-3.141.59.jar;D:\maverepo\org\seleniumhq\selenium\selenium-support\3.141.59\selenium-support-3.141.59.jar;D:\maverepo\cglib\cglib-nodep\3.2.4\cglib-nodep-3.2.4.jar;D:\maverepo\org\apache\commons\commons-exec\1.3\commons-exec-1.3.jar;D:\maverepo\org\apache\commons\commons-lang3\3.10\commons-lang3-3.10.jar;D:\maverepo\commons-codec\commons-codec\1.14\commons-codec-1.14.jar;D:\maverepo\commons-io\commons-io\2.5\commons-io-2.5.jar;D:\maverepo\commons-logging\commons-logging\1.2\commons-logging-1.2.jar;D:\maverepo\org\w3c\css\sac\1.3\sac-1.3.jar;D:\maverepo\net\sourceforge\cssparser\cssparser\0.9.22\cssparser-0.9.22.jar;D:\maverepo\org\hamcrest\hamcrest-core\2.2\hamcrest-core-2.2.jar;D:\maverepo\net\sourceforge\htmlunit\htmlunit\2.40.0\htmlunit-2.40.0.jar;D:\maverepo\org\apache\commons\commons-text\1.8\commons-text-1.8.jar;D:\maverepo\net\sourceforge\htmlunit\htmlunit-cssparser\1.5.0\htmlunit-cssparser-1.5.0.jar;D:\maverepo\commons-net\commons-net\3.6\commons-net-3.6.jar;D:\maverepo\org\brotli\dec\0.1.2\dec-0.1.2.jar;D:\maverepo\com\shapesecurity\salvation\2.7.1\salvation-2.7.1.jar;D:\maverepo\net\sourceforge\htmlunit\htmlunit-core-js\2.26\htmlunit-core-js-2.26.jar;D:\maverepo\net\sourceforge\htmlunit\neko-htmlunit\2.25\neko-htmlunit-2.25.jar;D:\maverepo\org\apache\httpcomponents\httpclient\4.5.12\httpclient-4.5.12.jar;D:\maverepo\org\apache\httpcomponents\httpcore\4.4.13\httpcore-4.4.13.jar;D:\maverepo\org\apache\httpcomponents\httpmime\4.5.12\httpmime-4.5.12.jar;D:\maverepo\org\eclipse\jetty\jetty-io\9.4.31.v20200723\jetty-io-9.4.31.v20200723.jar;D:\maverepo\org\eclipse\jetty\jetty-util\9.4.31.v20200723\jetty-util-9.4.31.v20200723.jar;D:\maverepo\net\java\dev\jna\jna\4.1.0\jna-4.1.0.jar;D:\maverepo\net\java\dev\jna\jna-platform\4.1.0\jna-platform-4.1.0.jar;D:\maverepo\junit\junit\4.13\junit-4.13.jar;D:\maverepo\com\codeborne\phantomjsdriver\1.4.0\phantomjsdriver-1.4.0.jar;D:\maverepo\org\seleniumhq\selenium\htmlunit-driver\2.40.0\htmlunit-driver-2.40.0.jar;D:\maverepo\javax\servlet\javax.servlet-api\4.0.1\javax.servlet-api-4.0.1.jar;D:\maverepo\org\eclipse\jetty\websocket\websocket-api\9.4.31.v20200723\websocket-api-9.4.31.v20200723.jar;D:\maverepo\org\eclipse\jetty\websocket\websocket-client\9.4.31.v20200723\websocket-client-9.4.31.v20200723.jar;D:\maverepo\org\eclipse\jetty\jetty-client\9.4.31.v20200723\jetty-client-9.4.31.v20200723.jar;D:\maverepo\org\eclipse\jetty\jetty-http\9.4.31.v20200723\jetty-http-9.4.31.v20200723.jar;D:\maverepo\org\eclipse\jetty\jetty-xml\9.4.31.v20200723\jetty-xml-9.4.31.v20200723.jar;D:\maverepo\org\eclipse\jetty\websocket\websocket-common\9.4.31.v20200723\websocket-common-9.4.31.v20200723.jar;D:\maverepo\xalan\serializer\2.7.2\serializer-2.7.2.jar;D:\maverepo\xalan\xalan\2.7.2\xalan-2.7.2.jar;D:\maverepo\xerces\xercesImpl\2.11.0\xercesImpl-2.11.0.jar;D:\maverepo\xml-apis\xml-apis\1.4.01\xml-apis-1.4.01.jar;D:\maverepo\com\google\guava\guava\23.0\guava-23.0.jar;D:\maverepo\com\google\code\findbugs\jsr305\1.3.9\jsr305-1.3.9.jar;D:\maverepo\com\google\errorprone\error_prone_annotations\2.0.18\error_prone_annotations-2.0.18.jar;D:\maverepo\com\google\j2objc\j2objc-annotations\1.1\j2objc-annotations-1.1.jar;D:\maverepo\org\codehaus\mojo\animal-sniffer-annotations\1.14\animal-sniffer-annotations-1.14.jar;D:\maverepo\com\google\code\gson\gson\2.8.2\gson-2.8.2.jar;D:\maverepo\cn\hutool\hutool-all\5.4.1\hutool-all-5.4.1.jar;D:\maverepo\org\springframework\boot\spring-boot-starter-test\2.3.3.RELEASE\spring-boot-starter-test-2.3.3.RELEASE.jar;D:\maverepo\org\springframework\boot\spring-boot-test\2.3.3.RELEASE\spring-boot-test-2.3.3.RELEASE.jar;D:\maverepo\org\springframework\boot\spring-boot-test-autoconfigure\2.3.3.RELEASE\spring-boot-test-autoconfigure-2.3.3.RELEASE.jar;D:\maverepo\com\jayway\jsonpath\json-path\2.4.0\json-path-2.4.0.jar;D:\maverepo\net\minidev\json-smart\2.3\json-smart-2.3.jar;D:\maverepo\net\minidev\accessors-smart\1.2\accessors-smart-1.2.jar;D:\maverepo\org\ow2\asm\asm\5.0.4\asm-5.0.4.jar;D:\maverepo\jakarta\xml\bind\jakarta.xml.bind-api\2.3.3\jakarta.xml.bind-api-2.3.3.jar;D:\maverepo\jakarta\activation\jakarta.activation-api\1.2.2\jakarta.activation-api-1.2.2.jar;D:\maverepo\org\assertj\assertj-core\3.16.1\assertj-core-3.16.1.jar;D:\maverepo\org\hamcrest\hamcrest\2.2\hamcrest-2.2.jar;D:\maverepo\org\junit\jupiter\junit-jupiter\5.6.2\junit-jupiter-5.6.2.jar;D:\maverepo\org\junit\jupiter\junit-jupiter-api\5.6.2\junit-jupiter-api-5.6.2.jar;D:\maverepo\org\apiguardian\apiguardian-api\1.1.0\apiguardian-api-1.1.0.jar;D:\maverepo\org\opentest4j\opentest4j\1.2.0\opentest4j-1.2.0.jar;D:\maverepo\org\junit\platform\junit-platform-commons\1.6.2\junit-platform-commons-1.6.2.jar;D:\maverepo\org\junit\jupiter\junit-jupiter-params\5.6.2\junit-jupiter-params-5.6.2.jar;D:\maverepo\org\junit\jupiter\junit-jupiter-engine\5.6.2\junit-jupiter-engine-5.6.2.jar;D:\maverepo\org\junit\platform\junit-platform-engine\1.6.2\junit-platform-engine-1.6.2.jar;D:\maverepo\org\mockito\mockito-core\3.3.3\mockito-core-3.3.3.jar;D:\maverepo\net\bytebuddy\byte-buddy-agent\1.10.14\byte-buddy-agent-1.10.14.jar;D:\maverepo\org\objenesis\objenesis\2.6\objenesis-2.6.jar;D:\maverepo\org\mockito\mockito-junit-jupiter\3.3.3\mockito-junit-jupiter-3.3.3.jar;D:\maverepo\org\skyscreamer\jsonassert\1.5.0\jsonassert-1.5.0.jar;D:\maverepo\com\vaadin\external\google\android-json\0.0.20131108.vaadin1\android-json-0.0.20131108.vaadin1.jar;D:\maverepo\org\springframework\spring-core\5.2.8.RELEASE\spring-core-5.2.8.RELEASE.jar;D:\maverepo\org\springframework\spring-jcl\5.2.8.RELEASE\spring-jcl-5.2.8.RELEASE.jar;D:\maverepo\org\springframework\spring-test\5.2.8.RELEASE\spring-test-5.2.8.RELEASE.jar;D:\maverepo\org\xmlunit\xmlunit-core\2.7.0\xmlunit-core-2.7.0.jar;D:\maverepo\org\jsoup\jsoup\1.10.2\jsoup-1.10.2.jar;D:\maverepo\com\google\api-client\google-api-client\1.30.10\google-api-client-1.30.10.jar;D:\maverepo\com\google\oauth-client\google-oauth-client\1.31.0\google-oauth-client-1.31.0.jar;D:\maverepo\com\google\http-client\google-http-client\1.35.0\google-http-client-1.35.0.jar;D:\maverepo\io\opencensus\opencensus-api\0.24.0\opencensus-api-0.24.0.jar;D:\maverepo\io\grpc\grpc-context\1.22.1\grpc-context-1.22.1.jar;D:\maverepo\io\opencensus\opencensus-contrib-http-util\0.24.0\opencensus-contrib-http-util-0.24.0.jar;D:\maverepo\com\google\http-client\google-http-client-jackson2\1.36.0\google-http-client-jackson2-1.36.0.jar;D:\maverepo\com\fasterxml\jackson\core\jackson-core\2.11.2\jackson-core-2.11.2.jar;D:\maverepo\com\google\api\client\google-api-client-googleapis\1.4.0-alpha\google-api-client-googleapis-1.4.0-alpha.jar;D:\maverepo\com\google\api\client\google-api-client\1.4.0-alpha\google-api-client-1.4.0-alpha.jar;D:\maverepo\org\codehaus\jackson\jackson-core-asl\1.6.7\jackson-core-asl-1.6.7.jar;D:\maverepo\xpp3\xpp3\1.1.4c\xpp3-1.1.4c.jar;D:\maverepo\com\google\oauth-client\google-oauth-client-jetty\1.31.0\google-oauth-client-jetty-1.31.0.jar;D:\maverepo\com\google\oauth-client\google-oauth-client-java6\1.31.0\google-oauth-client-java6-1.31.0.jar;D:\maverepo\com\google\apis\google-api-services-sheets\v4-rev612-1.25.0\google-api-services-sheets-v4-rev612-1.25.0.jar;D:\maverepo\com\google\inject\guice\4.2.3\guice-4.2.3.jar;D:\maverepo\javax\inject\javax.inject\1\javax.inject-1.jar;D:\maverepo\aopalliance\aopalliance\1.0\aopalliance-1.0.jar;D:\maverepo\org\apache\mina\mina-core\2.0.17\mina-core-2.0.17.jar;D:\maverepo\org\slf4j\slf4j-api\1.7.30\slf4j-api-1.7.30.jar;D:\maverepo\org\apache\sshd\sshd-core\0.14.0\sshd-core-0.14.0.jar;D:\maverepo\org\slf4j\slf4j-jdk14\1.7.30\slf4j-jdk14-1.7.30.jar;D:\maverepo\org\bouncycastle\bcpg-jdk15on\1.51\bcpg-jdk15on-1.51.jar;D:\maverepo\org\bouncycastle\bcprov-jdk15on\1.51\bcprov-jdk15on-1.51.jar;D:\maverepo\org\bouncycastle\bcpkix-jdk15on\1.51\bcpkix-jdk15on-1.51.jar;D:\maverepo\tomcat\tomcat-apr\5.5.23\tomcat-apr-5.5.23.jar;"/>
    <property name="java.vm.vendor" value="Oracle Corporation"/>
    <property name="sun.arch.data.model" value="64"/>
    <property name="user.variant" value=""/>
    <property name="java.vendor.url" value="http://java.oracle.com/"/>
    <property name="user.timezone" value="Asia/Shanghai"/>
    <property name="java.vm.specification.version" value="1.8"/>
    <property name="os.name" value="Windows 10"/>
    <property name="user.country" value="CN"/>
    <property name="sun.java.launcher" value="SUN_STANDARD"/>
    <property name="sun.boot.library.path" value="C:\Program Files\Java\jdk1.8.0_261\jre\bin"/>
    <property name="sun.java.command" value="C:\Users\ADMINI~1\AppData\Local\Temp\surefire5899872901809720932\surefirebooter6001761160377230150.jar C:\Users\Administrator\AppData\Local\Temp\surefire5899872901809720932 2020-09-09T13-54-48_762-jvmRun1 surefire476443876052085035tmp surefire_04744776255817458090tmp"/>
    <property name="surefire.test.class.path" value="D:\sycsf\target\test-classes;D:\sycsf\target\classes;D:\maverepo\org\springframework\boot\spring-boot-starter-web\2.3.3.RELEASE\spring-boot-starter-web-2.3.3.RELEASE.jar;D:\maverepo\org\springframework\boot\spring-boot-starter\2.3.3.RELEASE\spring-boot-starter-2.3.3.RELEASE.jar;D:\maverepo\org\springframework\boot\spring-boot\2.3.3.RELEASE\spring-boot-2.3.3.RELEASE.jar;D:\maverepo\org\springframework\boot\spring-boot-autoconfigure\2.3.3.RELEASE\spring-boot-autoconfigure-2.3.3.RELEASE.jar;D:\maverepo\org\springframework\boot\spring-boot-starter-logging\2.3.3.RELEASE\spring-boot-starter-logging-2.3.3.RELEASE.jar;D:\maverepo\ch\qos\logback\logback-classic\1.2.3\logback-classic-1.2.3.jar;D:\maverepo\ch\qos\logback\logback-core\1.2.3\logback-core-1.2.3.jar;D:\maverepo\org\apache\logging\log4j\log4j-to-slf4j\2.13.3\log4j-to-slf4j-2.13.3.jar;D:\maverepo\org\apache\logging\log4j\log4j-api\2.13.3\log4j-api-2.13.3.jar;D:\maverepo\org\slf4j\jul-to-slf4j\1.7.30\jul-to-slf4j-1.7.30.jar;D:\maverepo\jakarta\annotation\jakarta.annotation-api\1.3.5\jakarta.annotation-api-1.3.5.jar;D:\maverepo\org\yaml\snakeyaml\1.26\snakeyaml-1.26.jar;D:\maverepo\org\springframework\boot\spring-boot-starter-json\2.3.3.RELEASE\spring-boot-starter-json-2.3.3.RELEASE.jar;D:\maverepo\com\fasterxml\jackson\core\jackson-databind\2.11.2\jackson-databind-2.11.2.jar;D:\maverepo\com\fasterxml\jackson\core\jackson-annotations\2.11.2\jackson-annotations-2.11.2.jar;D:\maverepo\com\fasterxml\jackson\datatype\jackson-datatype-jdk8\2.11.2\jackson-datatype-jdk8-2.11.2.jar;D:\maverepo\com\fasterxml\jackson\datatype\jackson-datatype-jsr310\2.11.2\jackson-datatype-jsr310-2.11.2.jar;D:\maverepo\com\fasterxml\jackson\module\jackson-module-parameter-names\2.11.2\jackson-module-parameter-names-2.11.2.jar;D:\maverepo\org\springframework\boot\spring-boot-starter-tomcat\2.3.3.RELEASE\spring-boot-starter-tomcat-2.3.3.RELEASE.jar;D:\maverepo\org\apache\tomcat\embed\tomcat-embed-core\9.0.37\tomcat-embed-core-9.0.37.jar;D:\maverepo\org\glassfish\jakarta.el\3.0.3\jakarta.el-3.0.3.jar;D:\maverepo\org\apache\tomcat\embed\tomcat-embed-websocket\9.0.37\tomcat-embed-websocket-9.0.37.jar;D:\maverepo\org\springframework\spring-web\5.2.8.RELEASE\spring-web-5.2.8.RELEASE.jar;D:\maverepo\org\springframework\spring-beans\5.2.8.RELEASE\spring-beans-5.2.8.RELEASE.jar;D:\maverepo\org\springframework\spring-webmvc\5.2.8.RELEASE\spring-webmvc-5.2.8.RELEASE.jar;D:\maverepo\org\springframework\spring-aop\5.2.8.RELEASE\spring-aop-5.2.8.RELEASE.jar;D:\maverepo\org\springframework\spring-context\5.2.8.RELEASE\spring-context-5.2.8.RELEASE.jar;D:\maverepo\org\springframework\spring-expression\5.2.8.RELEASE\spring-expression-5.2.8.RELEASE.jar;D:\maverepo\org\seleniumhq\selenium\selenium-java\3.4.0\selenium-java-3.4.0.jar;D:\maverepo\org\seleniumhq\selenium\selenium-api\3.141.59\selenium-api-3.141.59.jar;D:\maverepo\org\seleniumhq\selenium\selenium-chrome-driver\3.141.59\selenium-chrome-driver-3.141.59.jar;D:\maverepo\net\bytebuddy\byte-buddy\1.10.14\byte-buddy-1.10.14.jar;D:\maverepo\com\squareup\okhttp3\okhttp\3.14.9\okhttp-3.14.9.jar;D:\maverepo\com\squareup\okio\okio\1.14.0\okio-1.14.0.jar;D:\maverepo\org\seleniumhq\selenium\selenium-edge-driver\3.141.59\selenium-edge-driver-3.141.59.jar;D:\maverepo\org\seleniumhq\selenium\selenium-firefox-driver\3.141.59\selenium-firefox-driver-3.141.59.jar;D:\maverepo\org\seleniumhq\selenium\selenium-ie-driver\3.141.59\selenium-ie-driver-3.141.59.jar;D:\maverepo\org\seleniumhq\selenium\selenium-opera-driver\3.141.59\selenium-opera-driver-3.141.59.jar;D:\maverepo\org\seleniumhq\selenium\selenium-remote-driver\3.141.59\selenium-remote-driver-3.141.59.jar;D:\maverepo\org\seleniumhq\selenium\selenium-safari-driver\3.141.59\selenium-safari-driver-3.141.59.jar;D:\maverepo\org\seleniumhq\selenium\selenium-support\3.141.59\selenium-support-3.141.59.jar;D:\maverepo\cglib\cglib-nodep\3.2.4\cglib-nodep-3.2.4.jar;D:\maverepo\org\apache\commons\commons-exec\1.3\commons-exec-1.3.jar;D:\maverepo\org\apache\commons\commons-lang3\3.10\commons-lang3-3.10.jar;D:\maverepo\commons-codec\commons-codec\1.14\commons-codec-1.14.jar;D:\maverepo\commons-io\commons-io\2.5\commons-io-2.5.jar;D:\maverepo\commons-logging\commons-logging\1.2\commons-logging-1.2.jar;D:\maverepo\org\w3c\css\sac\1.3\sac-1.3.jar;D:\maverepo\net\sourceforge\cssparser\cssparser\0.9.22\cssparser-0.9.22.jar;D:\maverepo\org\hamcrest\hamcrest-core\2.2\hamcrest-core-2.2.jar;D:\maverepo\net\sourceforge\htmlunit\htmlunit\2.40.0\htmlunit-2.40.0.jar;D:\maverepo\org\apache\commons\commons-text\1.8\commons-text-1.8.jar;D:\maverepo\net\sourceforge\htmlunit\htmlunit-cssparser\1.5.0\htmlunit-cssparser-1.5.0.jar;D:\maverepo\commons-net\commons-net\3.6\commons-net-3.6.jar;D:\maverepo\org\brotli\dec\0.1.2\dec-0.1.2.jar;D:\maverepo\com\shapesecurity\salvation\2.7.1\salvation-2.7.1.jar;D:\maverepo\net\sourceforge\htmlunit\htmlunit-core-js\2.26\htmlunit-core-js-2.26.jar;D:\maverepo\net\sourceforge\htmlunit\neko-htmlunit\2.25\neko-htmlunit-2.25.jar;D:\maverepo\org\apache\httpcomponents\httpclient\4.5.12\httpclient-4.5.12.jar;D:\maverepo\org\apache\httpcomponents\httpcore\4.4.13\httpcore-4.4.13.jar;D:\maverepo\org\apache\httpcomponents\httpmime\4.5.12\httpmime-4.5.12.jar;D:\maverepo\org\eclipse\jetty\jetty-io\9.4.31.v20200723\jetty-io-9.4.31.v20200723.jar;D:\maverepo\org\eclipse\jetty\jetty-util\9.4.31.v20200723\jetty-util-9.4.31.v20200723.jar;D:\maverepo\net\java\dev\jna\jna\4.1.0\jna-4.1.0.jar;D:\maverepo\net\java\dev\jna\jna-platform\4.1.0\jna-platform-4.1.0.jar;D:\maverepo\junit\junit\4.13\junit-4.13.jar;D:\maverepo\com\codeborne\phantomjsdriver\1.4.0\phantomjsdriver-1.4.0.jar;D:\maverepo\org\seleniumhq\selenium\htmlunit-driver\2.40.0\htmlunit-driver-2.40.0.jar;D:\maverepo\javax\servlet\javax.servlet-api\4.0.1\javax.servlet-api-4.0.1.jar;D:\maverepo\org\eclipse\jetty\websocket\websocket-api\9.4.31.v20200723\websocket-api-9.4.31.v20200723.jar;D:\maverepo\org\eclipse\jetty\websocket\websocket-client\9.4.31.v20200723\websocket-client-9.4.31.v20200723.jar;D:\maverepo\org\eclipse\jetty\jetty-client\9.4.31.v20200723\jetty-client-9.4.31.v20200723.jar;D:\maverepo\org\eclipse\jetty\jetty-http\9.4.31.v20200723\jetty-http-9.4.31.v20200723.jar;D:\maverepo\org\eclipse\jetty\jetty-xml\9.4.31.v20200723\jetty-xml-9.4.31.v20200723.jar;D:\maverepo\org\eclipse\jetty\websocket\websocket-common\9.4.31.v20200723\websocket-common-9.4.31.v20200723.jar;D:\maverepo\xalan\serializer\2.7.2\serializer-2.7.2.jar;D:\maverepo\xalan\xalan\2.7.2\xalan-2.7.2.jar;D:\maverepo\xerces\xercesImpl\2.11.0\xercesImpl-2.11.0.jar;D:\maverepo\xml-apis\xml-apis\1.4.01\xml-apis-1.4.01.jar;D:\maverepo\com\google\guava\guava\23.0\guava-23.0.jar;D:\maverepo\com\google\code\findbugs\jsr305\1.3.9\jsr305-1.3.9.jar;D:\maverepo\com\google\errorprone\error_prone_annotations\2.0.18\error_prone_annotations-2.0.18.jar;D:\maverepo\com\google\j2objc\j2objc-annotations\1.1\j2objc-annotations-1.1.jar;D:\maverepo\org\codehaus\mojo\animal-sniffer-annotations\1.14\animal-sniffer-annotations-1.14.jar;D:\maverepo\com\google\code\gson\gson\2.8.2\gson-2.8.2.jar;D:\maverepo\cn\hutool\hutool-all\5.4.1\hutool-all-5.4.1.jar;D:\maverepo\org\springframework\boot\spring-boot-starter-test\2.3.3.RELEASE\spring-boot-starter-test-2.3.3.RELEASE.jar;D:\maverepo\org\springframework\boot\spring-boot-test\2.3.3.RELEASE\spring-boot-test-2.3.3.RELEASE.jar;D:\maverepo\org\springframework\boot\spring-boot-test-autoconfigure\2.3.3.RELEASE\spring-boot-test-autoconfigure-2.3.3.RELEASE.jar;D:\maverepo\com\jayway\jsonpath\json-path\2.4.0\json-path-2.4.0.jar;D:\maverepo\net\minidev\json-smart\2.3\json-smart-2.3.jar;D:\maverepo\net\minidev\accessors-smart\1.2\accessors-smart-1.2.jar;D:\maverepo\org\ow2\asm\asm\5.0.4\asm-5.0.4.jar;D:\maverepo\jakarta\xml\bind\jakarta.xml.bind-api\2.3.3\jakarta.xml.bind-api-2.3.3.jar;D:\maverepo\jakarta\activation\jakarta.activation-api\1.2.2\jakarta.activation-api-1.2.2.jar;D:\maverepo\org\assertj\assertj-core\3.16.1\assertj-core-3.16.1.jar;D:\maverepo\org\hamcrest\hamcrest\2.2\hamcrest-2.2.jar;D:\maverepo\org\junit\jupiter\junit-jupiter\5.6.2\junit-jupiter-5.6.2.jar;D:\maverepo\org\junit\jupiter\junit-jupiter-api\5.6.2\junit-jupiter-api-5.6.2.jar;D:\maverepo\org\apiguardian\apiguardian-api\1.1.0\apiguardian-api-1.1.0.jar;D:\maverepo\org\opentest4j\opentest4j\1.2.0\opentest4j-1.2.0.jar;D:\maverepo\org\junit\platform\junit-platform-commons\1.6.2\junit-platform-commons-1.6.2.jar;D:\maverepo\org\junit\jupiter\junit-jupiter-params\5.6.2\junit-jupiter-params-5.6.2.jar;D:\maverepo\org\junit\jupiter\junit-jupiter-engine\5.6.2\junit-jupiter-engine-5.6.2.jar;D:\maverepo\org\junit\platform\junit-platform-engine\1.6.2\junit-platform-engine-1.6.2.jar;D:\maverepo\org\mockito\mockito-core\3.3.3\mockito-core-3.3.3.jar;D:\maverepo\net\bytebuddy\byte-buddy-agent\1.10.14\byte-buddy-agent-1.10.14.jar;D:\maverepo\org\objenesis\objenesis\2.6\objenesis-2.6.jar;D:\maverepo\org\mockito\mockito-junit-jupiter\3.3.3\mockito-junit-jupiter-3.3.3.jar;D:\maverepo\org\skyscreamer\jsonassert\1.5.0\jsonassert-1.5.0.jar;D:\maverepo\com\vaadin\external\google\android-json\0.0.20131108.vaadin1\android-json-0.0.20131108.vaadin1.jar;D:\maverepo\org\springframework\spring-core\5.2.8.RELEASE\spring-core-5.2.8.RELEASE.jar;D:\maverepo\org\springframework\spring-jcl\5.2.8.RELEASE\spring-jcl-5.2.8.RELEASE.jar;D:\maverepo\org\springframework\spring-test\5.2.8.RELEASE\spring-test-5.2.8.RELEASE.jar;D:\maverepo\org\xmlunit\xmlunit-core\2.7.0\xmlunit-core-2.7.0.jar;D:\maverepo\org\jsoup\jsoup\1.10.2\jsoup-1.10.2.jar;D:\maverepo\com\google\api-client\google-api-client\1.30.10\google-api-client-1.30.10.jar;D:\maverepo\com\google\oauth-client\google-oauth-client\1.31.0\google-oauth-client-1.31.0.jar;D:\maverepo\com\google\http-client\google-http-client\1.35.0\google-http-client-1.35.0.jar;D:\maverepo\io\opencensus\opencensus-api\0.24.0\opencensus-api-0.24.0.jar;D:\maverepo\io\grpc\grpc-context\1.22.1\grpc-context-1.22.1.jar;D:\maverepo\io\opencensus\opencensus-contrib-http-util\0.24.0\opencensus-contrib-http-util-0.24.0.jar;D:\maverepo\com\google\http-client\google-http-client-jackson2\1.36.0\google-http-client-jackson2-1.36.0.jar;D:\maverepo\com\fasterxml\jackson\core\jackson-core\2.11.2\jackson-core-2.11.2.jar;D:\maverepo\com\google\api\client\google-api-client-googleapis\1.4.0-alpha\google-api-client-googleapis-1.4.0-alpha.jar;D:\maverepo\com\google\api\client\google-api-client\1.4.0-alpha\google-api-client-1.4.0-alpha.jar;D:\maverepo\org\codehaus\jackson\jackson-core-asl\1.6.7\jackson-core-asl-1.6.7.jar;D:\maverepo\xpp3\xpp3\1.1.4c\xpp3-1.1.4c.jar;D:\maverepo\com\google\oauth-client\google-oauth-client-jetty\1.31.0\google-oauth-client-jetty-1.31.0.jar;D:\maverepo\com\google\oauth-client\google-oauth-client-java6\1.31.0\google-oauth-client-java6-1.31.0.jar;D:\maverepo\com\google\apis\google-api-services-sheets\v4-rev612-1.25.0\google-api-services-sheets-v4-rev612-1.25.0.jar;D:\maverepo\com\google\inject\guice\4.2.3\guice-4.2.3.jar;D:\maverepo\javax\inject\javax.inject\1\javax.inject-1.jar;D:\maverepo\aopalliance\aopalliance\1.0\aopalliance-1.0.jar;D:\maverepo\org\apache\mina\mina-core\2.0.17\mina-core-2.0.17.jar;D:\maverepo\org\slf4j\slf4j-api\1.7.30\slf4j-api-1.7.30.jar;D:\maverepo\org\apache\sshd\sshd-core\0.14.0\sshd-core-0.14.0.jar;D:\maverepo\org\slf4j\slf4j-jdk14\1.7.30\slf4j-jdk14-1.7.30.jar;D:\maverepo\org\bouncycastle\bcpg-jdk15on\1.51\bcpg-jdk15on-1.51.jar;D:\maverepo\org\bouncycastle\bcprov-jdk15on\1.51\bcprov-jdk15on-1.51.jar;D:\maverepo\org\bouncycastle\bcpkix-jdk15on\1.51\bcpkix-jdk15on-1.51.jar;D:\maverepo\tomcat\tomcat-apr\5.5.23\tomcat-apr-5.5.23.jar;"/>
    <property name="sun.cpu.endian" value="little"/>
    <property name="user.home" value="C:\Users\Administrator"/>
    <property name="user.language" value="zh"/>
    <property name="java.specification.vendor" value="Oracle Corporation"/>
    <property name="java.home" value="C:\Program Files\Java\jdk1.8.0_261\jre"/>
    <property name="basedir" value="D:\sycsf"/>
    <property name="file.separator" value="\"/>
    <property name="line.separator" value="&#10;"/>
    <property name="java.vm.specification.vendor" value="Oracle Corporation"/>
    <property name="java.specification.name" value="Java Platform API Specification"/>
    <property name="java.awt.graphicsenv" value="sun.awt.Win32GraphicsEnvironment"/>
    <property name="idea.version2020.1.3" value="true"/>
    <property name="surefire.real.class.path" value="C:\Users\ADMINI~1\AppData\Local\Temp\surefire5899872901809720932\surefirebooter6001761160377230150.jar"/>
    <property name="sun.boot.class.path" value="C:\Program Files\Java\jdk1.8.0_261\jre\lib\resources.jar;C:\Program Files\Java\jdk1.8.0_261\jre\lib\rt.jar;C:\Program Files\Java\jdk1.8.0_261\jre\lib\sunrsasign.jar;C:\Program Files\Java\jdk1.8.0_261\jre\lib\jsse.jar;C:\Program Files\Java\jdk1.8.0_261\jre\lib\jce.jar;C:\Program Files\Java\jdk1.8.0_261\jre\lib\charsets.jar;C:\Program Files\Java\jdk1.8.0_261\jre\lib\jfr.jar;C:\Program Files\Java\jdk1.8.0_261\jre\classes"/>
    <property name="user.script" value=""/>
    <property name="sun.management.compiler" value="HotSpot 64-Bit Tiered Compilers"/>
    <property name="java.runtime.version" value="1.8.0_261-b12"/>
    <property name="user.name" value="Administrator"/>
    <property name="path.separator" value=";"/>
    <property name="os.version" value="10.0"/>
    <property name="java.endorsed.dirs" value="C:\Program Files\Java\jdk1.8.0_261\jre\lib\endorsed"/>
    <property name="java.runtime.name" value="Java(TM) SE Runtime Environment"/>
    <property name="file.encoding" value="GBK"/>
    <property name="java.vm.name" value="Java HotSpot(TM) 64-Bit Server VM"/>
    <property name="localRepository" value="D:\maverepo"/>
    <property name="java.vendor.url.bug" value="http://bugreport.sun.com/bugreport/"/>
    <property name="java.io.tmpdir" value="C:\Users\ADMINI~1\AppData\Local\Temp\"/>
    <property name="java.version" value="1.8.0_261"/>
    <property name="user.dir" value="D:\sycsf"/>
    <property name="os.arch" value="amd64"/>
    <property name="java.vm.specification.name" value="Java Virtual Machine Specification"/>
    <property name="java.awt.printerjob" value="sun.awt.windows.WPrinterJob"/>
    <property name="sun.os.patch.level" value=""/>
    <property name="java.library.path" value="C:\Program Files\Java\jdk1.8.0_261\jre\bin;C:\Windows\Sun\Java\bin;C:\Windows\system32;C:\Windows;C:\Program Files (x86)\Common Files\Oracle\Java\javapath;C:\Windows\system32;C:\Windows;C:\Windows\System32\Wbem;C:\Windows\System32\WindowsPowerShell\v1.0\;C:\Windows\System32\OpenSSH\;C:\Users\Administrator\AppData\Local\Microsoft\WindowsApps;;."/>
    <property name="java.vm.info" value="mixed mode"/>
    <property name="java.vendor" value="Oracle Corporation"/>
    <property name="java.vm.version" value="25.261-b12"/>
    <property name="java.ext.dirs" value="C:\Program Files\Java\jdk1.8.0_261\jre\lib\ext;C:\Windows\Sun\Java\lib\ext"/>
    <property name="sun.io.unicode.encoding" value="UnicodeLittle"/>
    <property name="java.class.version" value="52.0"/>
  </properties>
  <testcase name="contextLoads" classname="com.syc.sycsf.SycsfApplicationTests" time="13.049"/>
</testsuite>